Determining if the pthread_create exist failed with the following output:
Change Dir: /home/workspace/Project1/build/CMakeFiles/CMakeTmp

Run Build Command:"/usr/bin/make" "cmTC_3543b/fast"
/usr/bin/make -f CMakeFiles/cmTC_3543b.dir/build.make CMakeFiles/cmTC_3543b.dir/build
make[1]: Entering directory '/home/workspace/Project1/build/CMakeFiles/CMakeTmp'
Building C object CMakeFiles/cmTC_3543b.dir/CheckSymbolExists.c.o
/usr/bin/cc     -o CMakeFiles/cmTC_3543b.dir/CheckSymbolExists.c.o   -c /home/workspace/Project1/build/CMakeFiles/CMakeTmp/CheckSymbolExists.c
Linking C executable cmTC_3543b
/usr/bin/cmake -E cmake_link_script CMakeFiles/cmTC_3543b.dir/link.txt --verbose=1
/usr/bin/cc       CMakeFiles/cmTC_3543b.dir/CheckSymbolExists.c.o  -o cmTC_3543b -rdynamic 
CMakeFiles/cmTC_3543b.dir/CheckSymbolExists.c.o: In function `main':
CheckSymbolExists.c:(.text+0x16): undefined reference to `pthread_create'
collect2: error: ld returned 1 exit status
CMakeFiles/cmTC_3543b.dir/build.make:97: recipe for target 'cmTC_3543b' failed
make[1]: *** [cmTC_3543b] Error 1
make[1]: Leaving directory '/home/workspace/Project1/build/CMakeFiles/CMakeTmp'
Makefile:126: recipe for target 'cmTC_3543b/fast' failed
make: *** [cmTC_3543b/fast] Error 2

File /home/workspace/Project1/build/CMakeFiles/CMakeTmp/CheckSymbolExists.c:
/* */
#include <pthread.h>

int main(int argc, char** argv)
{
  (void)argv;
#ifndef pthread_create
  return ((int*)(&pthread_create))[argc];
#else
  (void)argc;
  return 0;
#endif
}

Determining if the function pthread_create exists in the pthreads failed with the following output:
Change Dir: /home/workspace/Project1/build/CMakeFiles/CMakeTmp

Run Build Command:"/usr/bin/make" "cmTC_f39ba/fast"
/usr/bin/make -f CMakeFiles/cmTC_f39ba.dir/build.make CMakeFiles/cmTC_f39ba.dir/build
make[1]: Entering directory '/home/workspace/Project1/build/CMakeFiles/CMakeTmp'
Building C object CMakeFiles/cmTC_f39ba.dir/CheckFunctionExists.c.o
/usr/bin/cc    -DCHECK_FUNCTION_EXISTS=pthread_create   -o CMakeFiles/cmTC_f39ba.dir/CheckFunctionExists.c.o   -c /usr/share/cmake-3.5/Modules/CheckFunctionExists.c
Linking C executable cmTC_f39ba
/usr/bin/cmake -E cmake_link_script CMakeFiles/cmTC_f39ba.dir/link.txt --verbose=1
/usr/bin/cc   -DCHECK_FUNCTION_EXISTS=pthread_create    CMakeFiles/cmTC_f39ba.dir/CheckFunctionExists.c.o  -o cmTC_f39ba -rdynamic -lpthreads 
/usr/bin/ld: cannot find -lpthreads
collect2: error: ld returned 1 exit status
CMakeFiles/cmTC_f39ba.dir/build.make:97: recipe for target 'cmTC_f39ba' failed
make[1]: *** [cmTC_f39ba] Error 1
make[1]: Leaving directory '/home/workspace/Project1/build/CMakeFiles/CMakeTmp'
Makefile:126: recipe for target 'cmTC_f39ba/fast' failed
make: *** [cmTC_f39ba/fast] Error 2


